[0.694s] Invoking command in '/home/tomer/arm_ws/src/arm_description': PYTHONPATH=/home/tomer/arm_ws/src/arm_description/build/arm_description/prefix_override:/usr/lib/python3/dist-packages/colcon_core/task/python/colcon_distutils_commands:/home/tomer/arm_ws/src/arm_description/install/arm_description/lib/python3.10/site-packages:${PYTHONPATH} /usr/bin/python3 -W ignore:setup.py install is deprecated -W ignore:easy_install command is deprecated setup.py egg_info --egg-base build/arm_description build --build-base /home/tomer/arm_ws/src/arm_description/build/arm_description/build install --record /home/tomer/arm_ws/src/arm_description/build/arm_description/install.log --single-version-externally-managed install_data
[0.863s] running egg_info
[0.864s] creating build/arm_description/arm_description.egg-info
[0.866s] writing build/arm_description/arm_description.egg-info/PKG-INFO
[0.867s] writing dependency_links to build/arm_description/arm_description.egg-info/dependency_links.txt
[0.867s] writing entry points to build/arm_description/arm_description.egg-info/entry_points.txt
[0.867s] writing requirements to build/arm_description/arm_description.egg-info/requires.txt
[0.867s] writing top-level names to build/arm_description/arm_description.egg-info/top_level.txt
[0.869s] writing manifest file 'build/arm_description/arm_description.egg-info/SOURCES.txt'
[0.869s] reading manifest file 'build/arm_description/arm_description.egg-info/SOURCES.txt'
[0.870s] writing manifest file 'build/arm_description/arm_description.egg-info/SOURCES.txt'
[0.870s] running build
[0.870s] running install
[0.871s] running install_data
[0.871s] copying package.xml -> /home/tomer/arm_ws/src/arm_description/install/arm_description/share/arm_description
[0.871s] creating /home/tomer/arm_ws/src/arm_description/install/arm_description/share/arm_description/urdf
[0.871s] copying urdf/Arm_description.urdf -> /home/tomer/arm_ws/src/arm_description/install/arm_description/share/arm_description/urdf
[0.871s] creating /home/tomer/arm_ws/src/arm_description/install/arm_description/share/arm_description/meshes
[0.873s] copying meshes/base_link.STL -> /home/tomer/arm_ws/src/arm_description/install/arm_description/share/arm_description/meshes
[0.873s] copying meshes/Endeffector_1.STL -> /home/tomer/arm_ws/src/arm_description/install/arm_description/share/arm_description/meshes
[0.873s] copying meshes/Endeffector_2.STL -> /home/tomer/arm_ws/src/arm_description/install/arm_description/share/arm_description/meshes
[0.873s] copying meshes/Link_1.STL -> /home/tomer/arm_ws/src/arm_description/install/arm_description/share/arm_description/meshes
[0.875s] copying meshes/Link_2.STL -> /home/tomer/arm_ws/src/arm_description/install/arm_description/share/arm_description/meshes
[0.875s] copying meshes/Link_3.STL -> /home/tomer/arm_ws/src/arm_description/install/arm_description/share/arm_description/meshes
[0.877s] copying meshes/Link_4.STL -> /home/tomer/arm_ws/src/arm_description/install/arm_description/share/arm_description/meshes
[0.878s] copying meshes/Link_5.STL -> /home/tomer/arm_ws/src/arm_description/install/arm_description/share/arm_description/meshes
[0.879s] copying meshes/Link_6.STL -> /home/tomer/arm_ws/src/arm_description/install/arm_description/share/arm_description/meshes
[0.879s] running install_egg_info
[0.881s] Copying build/arm_description/arm_description.egg-info to /home/tomer/arm_ws/src/arm_description/install/arm_description/lib/python3.10/site-packages/arm_description-0.0.0-py3.10.egg-info
[0.883s] running install_scripts
[0.898s] writing list of installed files to '/home/tomer/arm_ws/src/arm_description/build/arm_description/install.log'
[0.921s] Invoked command in '/home/tomer/arm_ws/src/arm_description' returned '0': PYTHONPATH=/home/tomer/arm_ws/src/arm_description/build/arm_description/prefix_override:/usr/lib/python3/dist-packages/colcon_core/task/python/colcon_distutils_commands:/home/tomer/arm_ws/src/arm_description/install/arm_description/lib/python3.10/site-packages:${PYTHONPATH} /usr/bin/python3 -W ignore:setup.py install is deprecated -W ignore:easy_install command is deprecated setup.py egg_info --egg-base build/arm_description build --build-base /home/tomer/arm_ws/src/arm_description/build/arm_description/build install --record /home/tomer/arm_ws/src/arm_description/build/arm_description/install.log --single-version-externally-managed install_data
