[0.613s] Invoking command in '/home/tomer/arm_ws/src/arm_description': PYTHONPATH=/home/tomer/arm_ws/build/arm_description/prefix_override:/usr/lib/python3/dist-packages/colcon_core/task/python/colcon_distutils_commands:/home/tomer/arm_ws/install/arm_description/lib/python3.10/site-packages:${PYTHONPATH} /usr/bin/python3 -W ignore:setup.py install is deprecated -W ignore:easy_install command is deprecated setup.py egg_info --egg-base ../../build/arm_description build --build-base /home/tomer/arm_ws/build/arm_description/build install --record /home/tomer/arm_ws/build/arm_description/install.log --single-version-externally-managed install_data
[0.776s] running egg_info
[0.777s] creating ../../build/arm_description/arm_description.egg-info
[0.777s] writing ../../build/arm_description/arm_description.egg-info/PKG-INFO
[0.777s] writing dependency_links to ../../build/arm_description/arm_description.egg-info/dependency_links.txt
[0.779s] writing entry points to ../../build/arm_description/arm_description.egg-info/entry_points.txt
[0.779s] writing requirements to ../../build/arm_description/arm_description.egg-info/requires.txt
[0.779s] writing top-level names to ../../build/arm_description/arm_description.egg-info/top_level.txt
[0.781s] writing manifest file '../../build/arm_description/arm_description.egg-info/SOURCES.txt'
[0.781s] reading manifest file '../../build/arm_description/arm_description.egg-info/SOURCES.txt'
[0.782s] writing manifest file '../../build/arm_description/arm_description.egg-info/SOURCES.txt'
[0.782s] running build
[0.782s] running install
[0.782s] running install_data
[0.782s] copying package.xml -> /home/tomer/arm_ws/install/arm_description/share/arm_description
[0.783s] creating /home/tomer/arm_ws/install/arm_description/share/arm_description/urdf
[0.783s] copying urdf/Arm_description.urdf -> /home/tomer/arm_ws/install/arm_description/share/arm_description/urdf
[0.783s] creating /home/tomer/arm_ws/install/arm_description/share/arm_description/meshes
[0.784s] copying meshes/base_link.STL -> /home/tomer/arm_ws/install/arm_description/share/arm_description/meshes
[0.785s] copying meshes/Endeffector_1.STL -> /home/tomer/arm_ws/install/arm_description/share/arm_description/meshes
[0.786s] copying meshes/Endeffector_2.STL -> /home/tomer/arm_ws/install/arm_description/share/arm_description/meshes
[0.787s] copying meshes/Link_1.STL -> /home/tomer/arm_ws/install/arm_description/share/arm_description/meshes
[0.788s] copying meshes/Link_2.STL -> /home/tomer/arm_ws/install/arm_description/share/arm_description/meshes
[0.790s] copying meshes/Link_3.STL -> /home/tomer/arm_ws/install/arm_description/share/arm_description/meshes
[0.791s] copying meshes/Link_4.STL -> /home/tomer/arm_ws/install/arm_description/share/arm_description/meshes
[0.792s] copying meshes/Link_5.STL -> /home/tomer/arm_ws/install/arm_description/share/arm_description/meshes
[0.793s] copying meshes/Link_6.STL -> /home/tomer/arm_ws/install/arm_description/share/arm_description/meshes
[0.794s] running install_egg_info
[0.796s] Copying ../../build/arm_description/arm_description.egg-info to /home/tomer/arm_ws/install/arm_description/lib/python3.10/site-packages/arm_description-0.0.0-py3.10.egg-info
[0.797s] running install_scripts
[0.811s] writing list of installed files to '/home/tomer/arm_ws/build/arm_description/install.log'
[0.831s] Invoked command in '/home/tomer/arm_ws/src/arm_description' returned '0': PYTHONPATH=/home/tomer/arm_ws/build/arm_description/prefix_override:/usr/lib/python3/dist-packages/colcon_core/task/python/colcon_distutils_commands:/home/tomer/arm_ws/install/arm_description/lib/python3.10/site-packages:${PYTHONPATH} /usr/bin/python3 -W ignore:setup.py install is deprecated -W ignore:easy_install command is deprecated setup.py egg_info --egg-base ../../build/arm_description build --build-base /home/tomer/arm_ws/build/arm_description/build install --record /home/tomer/arm_ws/build/arm_description/install.log --single-version-externally-managed install_data
