[1.373s] DEBUG:colcon:Command line arguments: ['/usr/bin/colcon', 'list', '-p', '--base-paths', '/home/tomer/arm_ws']
[1.373s] DEBUG:colcon:Parsed command line arguments: Namespace(log_base=None, log_level=None, verb_name='list', build_base='build', ignore_user_meta=False, metas=['./colcon.meta'], base_paths=['/home/tomer/arm_ws'], packages_ignore=None, packages_ignore_regex=None, paths=None, packages_up_to=None, packages_up_to_regex=None, packages_above=None, packages_above_and_dependencies=None, packages_above_depth=None, packages_select_by_dep=None, packages_skip_by_dep=None, packages_skip_up_to=None, packages_select_build_failed=False, packages_skip_build_finished=False, packages_select_test_failures=False, packages_skip_test_passed=False, packages_select=None, packages_skip=None, packages_select_regex=None, packages_skip_regex=None, packages_start=None, packages_end=None, allow_overriding=[], topological_order=False, names_only=False, paths_only=True, topological_graph=False, topological_graph_dot=False, topological_graph_density=False, topological_graph_legend=False, topological_graph_dot_cluster=False, topological_graph_dot_include_skipped=False, mixin_files=None, mixin=None, verb_parser=<colcon_mixin.mixin.mixin_argument.MixinArgumentDecorator object at 0x7fdd18b5bd90>, verb_extension=<colcon_package_information.verb.list.ListVerb object at 0x7fdd18ca84f0>, main=<bound method ListVerb.main of <colcon_package_information.verb.list.ListVerb object at 0x7fdd18ca84f0>>, mixin_verb=('list',))
[2.702s] Level 1:colcon.colcon_core.package_discovery:discover_packages(colcon_meta) check parameters
[2.702s] Level 1:colcon.colcon_core.package_discovery:discover_packages(recursive) check parameters
[2.702s] Level 1:colcon.colcon_core.package_discovery:discover_packages(ignore) check parameters
[2.702s] Level 1:colcon.colcon_core.package_discovery:discover_packages(path) check parameters
[2.702s] Level 1:colcon.colcon_core.package_discovery:discover_packages(recursive) discover
[2.703s] INFO:colcon.colcon_core.package_discovery:Crawling recursively for packages in '/home/tomer/arm_ws'
[2.703s] Level 1:colcon.colcon_core.package_identification:_identify(/home/tomer/arm_ws) by extensions ['ignore', 'ignore_ament_install']
[2.703s] Level 1:colcon.colcon_core.package_identification:_identify(/home/tomer/arm_ws) by extension 'ignore'
[2.703s] Level 1:colcon.colcon_core.package_identification:_identify(/home/tomer/arm_ws) by extension 'ignore_ament_install'
[2.706s] Level 1:colcon.colcon_core.package_identification:_identify(/home/tomer/arm_ws) by extensions ['colcon_pkg']
[2.706s] Level 1:colcon.colcon_core.package_identification:_identify(/home/tomer/arm_ws) by extension 'colcon_pkg'
[2.706s] Level 1:colcon.colcon_core.package_identification:_identify(/home/tomer/arm_ws) by extensions ['colcon_meta']
[2.706s] Level 1:colcon.colcon_core.package_identification:_identify(/home/tomer/arm_ws) by extension 'colcon_meta'
[2.707s] Level 1:colcon.colcon_core.package_identification:_identify(/home/tomer/arm_ws) by extensions ['ros']
[2.713s] Level 1:colcon.colcon_core.package_identification:_identify(/home/tomer/arm_ws) by extension 'ros'
[2.839s] Level 1:colcon.colcon_core.package_identification:_identify(/home/tomer/arm_ws) by extensions ['cmake', 'python']
[2.840s] Level 1:colcon.colcon_core.package_identification:_identify(/home/tomer/arm_ws) by extension 'cmake'
[2.842s] Level 1:colcon.colcon_core.package_identification:_identify(/home/tomer/arm_ws) by extension 'python'
[2.842s] Level 1:colcon.colcon_core.package_identification:_identify(/home/tomer/arm_ws) by extensions ['python_setup_py']
[2.843s] Level 1:colcon.colcon_core.package_identification:_identify(/home/tomer/arm_ws) by extension 'python_setup_py'
[2.843s] Level 1:colcon.colcon_core.package_identification:_identify(/home/tomer/arm_ws/build) by extensions ['ignore', 'ignore_ament_install']
[2.843s] Level 1:colcon.colcon_core.package_identification:_identify(/home/tomer/arm_ws/build) by extension 'ignore'
[2.844s] Level 1:colcon.colcon_core.package_identification:_identify(/home/tomer/arm_ws/build) ignored
[2.844s] Level 1:colcon.colcon_core.package_identification:_identify(/home/tomer/arm_ws/install) by extensions ['ignore', 'ignore_ament_install']
[2.844s] Level 1:colcon.colcon_core.package_identification:_identify(/home/tomer/arm_ws/install) by extension 'ignore'
[2.844s] Level 1:colcon.colcon_core.package_identification:_identify(/home/tomer/arm_ws/install) ignored
[2.844s] Level 1:colcon.colcon_core.package_identification:_identify(/home/tomer/arm_ws/log) by extensions ['ignore', 'ignore_ament_install']
[2.845s] Level 1:colcon.colcon_core.package_identification:_identify(/home/tomer/arm_ws/log) by extension 'ignore'
[2.845s] Level 1:colcon.colcon_core.package_identification:_identify(/home/tomer/arm_ws/log) ignored
[2.845s] Level 1:colcon.colcon_core.package_identification:_identify(/home/tomer/arm_ws/src) by extensions ['ignore', 'ignore_ament_install']
[2.845s] Level 1:colcon.colcon_core.package_identification:_identify(/home/tomer/arm_ws/src) by extension 'ignore'
[2.845s] Level 1:colcon.colcon_core.package_identification:_identify(/home/tomer/arm_ws/src) by extension 'ignore_ament_install'
[2.845s] Level 1:colcon.colcon_core.package_identification:_identify(/home/tomer/arm_ws/src) by extensions ['colcon_pkg']
[2.845s] Level 1:colcon.colcon_core.package_identification:_identify(/home/tomer/arm_ws/src) by extension 'colcon_pkg'
[2.845s] Level 1:colcon.colcon_core.package_identification:_identify(/home/tomer/arm_ws/src) by extensions ['colcon_meta']
[2.845s] Level 1:colcon.colcon_core.package_identification:_identify(/home/tomer/arm_ws/src) by extension 'colcon_meta'
[2.846s] Level 1:colcon.colcon_core.package_identification:_identify(/home/tomer/arm_ws/src) by extensions ['ros']
[2.846s] Level 1:colcon.colcon_core.package_identification:_identify(/home/tomer/arm_ws/src) by extension 'ros'
[2.846s] Level 1:colcon.colcon_core.package_identification:_identify(/home/tomer/arm_ws/src) by extensions ['cmake', 'python']
[2.846s] Level 1:colcon.colcon_core.package_identification:_identify(/home/tomer/arm_ws/src) by extension 'cmake'
[2.846s] Level 1:colcon.colcon_core.package_identification:_identify(/home/tomer/arm_ws/src) by extension 'python'
[2.846s] Level 1:colcon.colcon_core.package_identification:_identify(/home/tomer/arm_ws/src) by extensions ['python_setup_py']
[2.846s] Level 1:colcon.colcon_core.package_identification:_identify(/home/tomer/arm_ws/src) by extension 'python_setup_py'
[2.846s] Level 1:colcon.colcon_core.package_identification:_identify(/home/tomer/arm_ws/src/arm_description) by extensions ['ignore', 'ignore_ament_install']
[2.847s] Level 1:colcon.colcon_core.package_identification:_identify(/home/tomer/arm_ws/src/arm_description) by extension 'ignore'
[2.847s] Level 1:colcon.colcon_core.package_identification:_identify(/home/tomer/arm_ws/src/arm_description) by extension 'ignore_ament_install'
[2.847s] Level 1:colcon.colcon_core.package_identification:_identify(/home/tomer/arm_ws/src/arm_description) by extensions ['colcon_pkg']
[2.847s] Level 1:colcon.colcon_core.package_identification:_identify(/home/tomer/arm_ws/src/arm_description) by extension 'colcon_pkg'
[2.847s] Level 1:colcon.colcon_core.package_identification:_identify(/home/tomer/arm_ws/src/arm_description) by extensions ['colcon_meta']
[2.847s] Level 1:colcon.colcon_core.package_identification:_identify(/home/tomer/arm_ws/src/arm_description) by extension 'colcon_meta'
[2.847s] Level 1:colcon.colcon_core.package_identification:_identify(/home/tomer/arm_ws/src/arm_description) by extensions ['ros']
[2.847s] Level 1:colcon.colcon_core.package_identification:_identify(/home/tomer/arm_ws/src/arm_description) by extension 'ros'
[2.861s] DEBUG:colcon.colcon_core.package_identification:Package '/home/tomer/arm_ws/src/arm_description' with type 'ros.ament_python' and name 'arm_description'
[2.861s] Level 1:colcon.colcon_core.package_discovery:discover_packages(recursive) using defaults
